<?xml version="1.0" encoding="UTF-8"?>
<!-- Generated by org.testng.reporters.JUnitReportReporter -->
<testsuite skipped="0" hostname="IBM185-PC0F1EB5" name="demo.demo.AutomationTest" tests="3" failures="0" timestamp="21 Nov 2017 12:14:55 GMT" time="0.016" errors="0">
  <testcase name="login" time="0.000" classname="demo.demo.AutomationTest"/>
  <testcase name="clicklink" time="0.016" classname="demo.demo.AutomationTest"/>
  <testcase name="clicklinkfailed" time="0.000" classname="demo.demo.AutomationTest"/>
</testsuite> <!-- demo.demo.AutomationTest -->
